This file contains any messages produced by compilers while
running configure, to aid debugging if configure makes a mistake.

It was created by spglib configure 1.6.3, which was
generated by GNU Autoconf 2.69.  Invocation command line was

  $ /home/deep8/workspace/benchmark/RMG/source/rmg-release.2.2.0/lib/spglib-1.6.3/configure --prefix=/home/deep8/workspace/benchmark/RMG/source/rmg-release.2.2.0/lib/spglib-1.6.3/lib64 --libdir=/home/deep8/workspace/benchmark/RMG/source/rmg-release.2.2.0/lib/spglib-1.6.3/lib64

## --------- ##
## Platform. ##
## --------- ##

hostname = p8umbc1
uname -m = ppc64le
uname -r = 4.10.0-35-generic
uname -s = Linux
uname -v = #39~16.04.1-Ubuntu SMP Wed Sep 13 08:59:44 UTC 2017

/usr/bin/uname -p = unknown
/bin/uname -X     = unknown

/bin/arch              = unknown
/usr/bin/arch -k       = unknown
/usr/convex/getsysinfo = unknown
/usr/bin/hostinfo      = unknown
/bin/machine           = unknown
/usr/bin/oslevel       = unknown
/bin/universe          = unknown

PATH: /home/deep8/bin
PATH: /home/deep8/.local/bin
PATH: /home/deep8/anaconda3/bin
PATH: /usr/local/sbin
PATH: /usr/local/bin
PATH: /usr/sbin
PATH: /usr/bin
PATH: /sbin
PATH: /bin
PATH: /usr/games
PATH: /usr/local/games
PATH: /snap/bin


## ----------- ##
## Core tests. ##
## ----------- ##

configure:2250: checking for a BSD-compatible install
configure:2318: result: /usr/bin/install -c
configure:2329: checking whether build environment is sane
configure:2384: result: yes
configure:2535: checking for a thread-safe mkdir -p
configure:2574: result: /bin/mkdir -p
configure:2581: checking for gawk
configure:2597: found /usr/bin/gawk
configure:2608: result: gawk
configure:2619: checking whether make sets $(MAKE)
configure:2641: result: yes
configure:2670: checking whether make supports nested variables
configure:2687: result: yes
configure:2866: checking for gcc
configure:2893: result: /usr/bin/mpicc
configure:3122: checking for C compiler version
configure:3131: /usr/bin/mpicc --version >&5
gcc (Ubuntu/IBM 5.4.0-6ubuntu1~16.04.4) 5.4.0 20160609
Copyright (C) 2015 Free Software Foundation, Inc.
This is free software; see the source for copying conditions.  There is NO
warranty; not even for MERCHANTABILITY or FITNESS FOR A PARTICULAR PURPOSE.

configure:3142: $? = 0
configure:3131: /usr/bin/mpicc -v >&5
Using built-in specs.
COLLECT_GCC=/usr/bin/gcc
COLLECT_LTO_WRAPPER=/usr/lib/gcc/powerpc64le-linux-gnu/5/lto-wrapper
Target: powerpc64le-linux-gnu
Configured with: ../src/configure -v --with-pkgversion='Ubuntu/IBM 5.4.0-6ubuntu1~16.04.4' --with-bugurl=file:///usr/share/doc/gcc-5/README.Bugs --enable-languages=c,ada,c++,java,go,d,fortran,objc,obj-c++ --prefix=/usr --program-suffix=-5 --enable-shared --enable-linker-build-id --libexecdir=/usr/lib --without-included-gettext --enable-threads=posix --libdir=/usr/lib --enable-nls --with-sysroot=/ --enable-clocale=gnu --enable-libstdcxx-debug --enable-libstdcxx-time=yes --with-default-libstdcxx-abi=new --enable-gnu-unique-object --disable-libquadmath --enable-plugin --with-system-zlib --disable-browser-plugin --enable-java-awt=gtk --enable-gtk-cairo --with-java-home=/usr/lib/jvm/java-1.5.0-gcj-5-ppc64el/jre --enable-java-home --with-jvm-root-dir=/usr/lib/jvm/java-1.5.0-gcj-5-ppc64el --with-jvm-jar-dir=/usr/lib/jvm-exports/java-1.5.0-gcj-5-ppc64el --with-arch-directory=ppc64le --with-ecj-jar=/usr/share/java/eclipse-ecj.jar --enable-objc-gc --enable-secureplt --with-cpu=power8 --enable-targets=powerpcle-linux --disable-multilib --enable-multiarch --disable-werror --with-long-double-128 --enable-checking=release --build=powerpc64le-linux-gnu --host=powerpc64le-linux-gnu --target=powerpc64le-linux-gnu
Thread model: posix
gcc version 5.4.0 20160609 (Ubuntu/IBM 5.4.0-6ubuntu1~16.04.4) 
configure:3142: $? = 0
configure:3131: /usr/bin/mpicc -V >&5
gcc: error: unrecognized command line option '-V'
gcc: fatal error: no input files
compilation terminated.
configure:3142: $? = 1
configure:3131: /usr/bin/mpicc -qversion >&5
gcc: error: unrecognized command line option '-qversion'
gcc: fatal error: no input files
compilation terminated.
configure:3142: $? = 1
configure:3162: checking whether the C compiler works
configure:3184: /usr/bin/mpicc    conftest.c  >&5
configure:3188: $? = 0
configure:3236: result: yes
configure:3239: checking for C compiler default output file name
configure:3241: result: a.out
configure:3247: checking for suffix of executables
configure:3254: /usr/bin/mpicc -o conftest    conftest.c  >&5
configure:3258: $? = 0
configure:3280: result: 
configure:3302: checking whether we are cross compiling
configure:3310: /usr/bin/mpicc -o conftest    conftest.c  >&5
configure:3314: $? = 0
configure:3321: ./conftest
configure:3325: $? = 0
configure:3340: result: no
configure:3345: checking for suffix of object files
configure:3367: /usr/bin/mpicc -c   conftest.c >&5
configure:3371: $? = 0
configure:3392: result: o
configure:3396: checking whether we are using the GNU C compiler
configure:3415: /usr/bin/mpicc -c   conftest.c >&5
configure:3415: $? = 0
configure:3424: result: yes
configure:3433: checking whether /usr/bin/mpicc accepts -g
configure:3453: /usr/bin/mpicc -c -g  conftest.c >&5
configure:3453: $? = 0
configure:3494: result: yes
configure:3511: checking for /usr/bin/mpicc option to accept ISO C89
configure:3574: /usr/bin/mpicc  -c -g -O2  conftest.c >&5
configure:3574: $? = 0
configure:3587: result: none needed
configure:3612: checking whether /usr/bin/mpicc understands -c and -o together
configure:3634: /usr/bin/mpicc -c conftest.c -o conftest2.o
configure:3637: $? = 0
configure:3634: /usr/bin/mpicc -c conftest.c -o conftest2.o
configure:3637: $? = 0
configure:3649: result: yes
configure:3677: checking for style of include used by make
configure:3705: result: GNU
configure:3731: checking dependency style of /usr/bin/mpicc
configure:3842: result: gcc3
configure:3888: checking build system type
configure:3902: result: powerpc64le-unknown-linux-gnu
configure:3922: checking host system type
configure:3935: result: powerpc64le-unknown-linux-gnu
configure:3976: checking how to print strings
configure:4003: result: printf
configure:4024: checking for a sed that does not truncate output
configure:4088: result: /bin/sed
configure:4106: checking for grep that handles long lines and -e
configure:4164: result: /bin/grep
configure:4169: checking for egrep
configure:4231: result: /bin/grep -E
configure:4236: checking for fgrep
configure:4298: result: /bin/grep -F
configure:4333: checking for ld used by /usr/bin/mpicc
configure:4400: result: /usr/bin/ld
configure:4407: checking if the linker (/usr/bin/ld) is GNU ld
configure:4422: result: yes
configure:4434: checking for BSD- or MS-compatible name lister (nm)
configure:4483: result: /usr/bin/nm -B
configure:4613: checking the name lister (/usr/bin/nm -B) interface
configure:4620: /usr/bin/mpicc -c -g -O2  conftest.c >&5
configure:4623: /usr/bin/nm -B "conftest.o"
configure:4626: output
0000000000000000 B some_variable
configure:4633: result: BSD nm
configure:4636: checking whether ln -s works
configure:4640: result: yes
configure:4648: checking the maximum length of command line arguments
configure:4778: result: 1572864
configure:4795: checking whether the shell understands some XSI constructs
configure:4805: result: yes
configure:4809: checking whether the shell understands "+="
configure:4815: result: yes
configure:4850: checking how to convert powerpc64le-unknown-linux-gnu file names to powerpc64le-unknown-linux-gnu format
configure:4890: result: func_convert_file_noop
configure:4897: checking how to convert powerpc64le-unknown-linux-gnu file names to toolchain format
configure:4917: result: func_convert_file_noop
configure:4924: checking for /usr/bin/ld option to reload object files
configure:4931: result: -r
configure:5005: checking for objdump
configure:5021: found /usr/bin/objdump
configure:5032: result: objdump
configure:5064: checking how to recognize dependent libraries
configure:5266: result: pass_all
configure:5351: checking for dlltool
configure:5381: result: no
configure:5411: checking how to associate runtime and link libraries
configure:5438: result: printf %s\n
configure:5499: checking for ar
configure:5515: found /usr/bin/ar
configure:5526: result: ar
configure:5563: checking for archiver @FILE support
configure:5580: /usr/bin/mpicc -c -g -O2  conftest.c >&5
configure:5580: $? = 0
configure:5583: ar cru libconftest.a @conftest.lst >&5
ar: `u' modifier ignored since `D' is the default (see `U')
configure:5586: $? = 0
configure:5591: ar cru libconftest.a @conftest.lst >&5
ar: `u' modifier ignored since `D' is the default (see `U')
ar: conftest.o: No such file or directory
configure:5594: $? = 1
configure:5606: result: @
configure:5664: checking for strip
configure:5680: found /usr/bin/strip
configure:5691: result: strip
configure:5763: checking for ranlib
configure:5779: found /usr/bin/ranlib
configure:5790: result: ranlib
configure:5892: checking command to parse /usr/bin/nm -B output from /usr/bin/mpicc object
configure:6012: /usr/bin/mpicc -c -g -O2  conftest.c >&5
configure:6015: $? = 0
configure:6019: /usr/bin/nm -B conftest.o \| sed -n -e 's/^.*[ ]\([ABCDGIRSTW][ABCDGIRSTW]*\)[ ][ ]*\([_A-Za-z][_A-Za-z0-9]*\)$/\1 \2 \2/p' | sed '/ __gnu_lto/d' \> conftest.nm
configure:6022: $? = 0
configure:6088: /usr/bin/mpicc -o conftest -g -O2   conftest.c conftstm.o >&5
configure:6091: $? = 0
configure:6129: result: ok
configure:6166: checking for sysroot
configure:6196: result: no
configure:6273: /usr/bin/mpicc -c -g -O2  conftest.c >&5
configure:6276: $? = 0
configure:6452: checking for mt
configure:6468: found /bin/mt
configure:6479: result: mt
configure:6502: checking if mt is a manifest tool
configure:6508: mt '-?'
configure:6516: result: no
configure:7158: checking how to run the C preprocessor
configure:7189: /usr/bin/mpicc -E  conftest.c
configure:7189: $? = 0
configure:7203: /usr/bin/mpicc -E  conftest.c
conftest.c:11:28: fatal error: ac_nonexistent.h: No such file or directory
compilation terminated.
configure:7203: $? = 1
configure: failed program was:
| /* confdefs.h */
| #define PACKAGE_NAME "spglib"
| #define PACKAGE_TARNAME "spglib"
| #define PACKAGE_VERSION "1.6.3"
| #define PACKAGE_STRING "spglib 1.6.3"
| #define PACKAGE_BUGREPORT "atz.togo@gmail.com"
| #define PACKAGE_URL ""
| #define PACKAGE "spglib"
| #define VERSION "1.6.3"
| /* end confdefs.h.  */
| #include <ac_nonexistent.h>
configure:7228: result: /usr/bin/mpicc -E
configure:7248: /usr/bin/mpicc -E  conftest.c
configure:7248: $? = 0
configure:7262: /usr/bin/mpicc -E  conftest.c
conftest.c:11:28: fatal error: ac_nonexistent.h: No such file or directory
compilation terminated.
configure:7262: $? = 1
configure: failed program was:
| /* confdefs.h */
| #define PACKAGE_NAME "spglib"
| #define PACKAGE_TARNAME "spglib"
| #define PACKAGE_VERSION "1.6.3"
| #define PACKAGE_STRING "spglib 1.6.3"
| #define PACKAGE_BUGREPORT "atz.togo@gmail.com"
| #define PACKAGE_URL ""
| #define PACKAGE "spglib"
| #define VERSION "1.6.3"
| /* end confdefs.h.  */
| #include <ac_nonexistent.h>
configure:7291: checking for ANSI C header files
configure:7311: /usr/bin/mpicc -c -g -O2  conftest.c >&5
configure:7311: $? = 0
configure:7384: /usr/bin/mpicc -o conftest -g -O2   conftest.c  >&5
configure:7384: $? = 0
configure:7384: ./conftest
configure:7384: $? = 0
configure:7395: result: yes
configure:7408: checking for sys/types.h
configure:7408: /usr/bin/mpicc -c -g -O2  conftest.c >&5
configure:7408: $? = 0
configure:7408: result: yes
configure:7408: checking for sys/stat.h
configure:7408: /usr/bin/mpicc -c -g -O2  conftest.c >&5
configure:7408: $? = 0
configure:7408: result: yes
configure:7408: checking for stdlib.h
configure:7408: /usr/bin/mpicc -c -g -O2  conftest.c >&5
configure:7408: $? = 0
configure:7408: result: yes
configure:7408: checking for string.h
configure:7408: /usr/bin/mpicc -c -g -O2  conftest.c >&5
configure:7408: $? = 0
configure:7408: result: yes
configure:7408: checking for memory.h
configure:7408: /usr/bin/mpicc -c -g -O2  conftest.c >&5
configure:7408: $? = 0
configure:7408: result: yes
configure:7408: checking for strings.h
configure:7408: /usr/bin/mpicc -c -g -O2  conftest.c >&5
configure:7408: $? = 0
configure:7408: result: yes
configure:7408: checking for inttypes.h
configure:7408: /usr/bin/mpicc -c -g -O2  conftest.c >&5
configure:7408: $? = 0
configure:7408: result: yes
configure:7408: checking for stdint.h
configure:7408: /usr/bin/mpicc -c -g -O2  conftest.c >&5
configure:7408: $? = 0
configure:7408: result: yes
configure:7408: checking for unistd.h
configure:7408: /usr/bin/mpicc -c -g -O2  conftest.c >&5
configure:7408: $? = 0
configure:7408: result: yes
configure:7422: checking for dlfcn.h
configure:7422: /usr/bin/mpicc -c -g -O2  conftest.c >&5
configure:7422: $? = 0
configure:7422: result: yes
configure:7628: checking for objdir
configure:7643: result: .libs
configure:7914: checking if /usr/bin/mpicc supports -fno-rtti -fno-exceptions
configure:7932: /usr/bin/mpicc -c -g -O2  -fno-rtti -fno-exceptions conftest.c >&5
cc1: warning: command line option '-fno-rtti' is valid for C++/ObjC++ but not for C
configure:7936: $? = 0
configure:7949: result: no
configure:8276: checking for /usr/bin/mpicc option to produce PIC
configure:8283: result: -fPIC -DPIC
configure:8291: checking if /usr/bin/mpicc PIC flag -fPIC -DPIC works
configure:8309: /usr/bin/mpicc -c -g -O2  -fPIC -DPIC -DPIC conftest.c >&5
configure:8313: $? = 0
configure:8326: result: yes
configure:8355: checking if /usr/bin/mpicc static flag -static works
configure:8383: result: no
configure:8398: checking if /usr/bin/mpicc supports -c -o file.o
configure:8419: /usr/bin/mpicc -c -g -O2  -o out/conftest2.o conftest.c >&5
configure:8423: $? = 0
configure:8445: result: yes
configure:8453: checking if /usr/bin/mpicc supports -c -o file.o
configure:8500: result: yes
configure:8533: checking whether the /usr/bin/mpicc linker (/usr/bin/ld -m elf64ppc) supports shared libraries
configure:9686: result: yes
configure:9723: checking whether -lc should be explicitly linked in
configure:9731: /usr/bin/mpicc -c -g -O2  conftest.c >&5
configure:9734: $? = 0
configure:9749: /usr/bin/mpicc -shared  -fPIC -DPIC conftest.o  -v -Wl,-soname -Wl,conftest -o conftest 2\>\&1 \| /bin/grep  -lc  \>/dev/null 2\>\&1
configure:9752: $? = 0
configure:9766: result: no
configure:9926: checking dynamic linker characteristics
configure:10437: /usr/bin/mpicc -o conftest -g -O2   -Wl,-rpath -Wl,/foo conftest.c  >&5
configure:10437: $? = 0
configure:10659: result: GNU/Linux ld.so
configure:10766: checking how to hardcode library paths into programs
configure:10791: result: immediate
configure:11331: checking whether stripping libraries is possible
configure:11336: result: yes
configure:11371: checking if libtool supports shared libraries
configure:11373: result: yes
configure:11376: checking whether to build shared libraries
configure:11397: result: yes
configure:11400: checking whether to build static libraries
configure:11404: result: yes
configure:11445: checking for sqrt
configure:11445: /usr/bin/mpicc -o conftest -g -O2   conftest.c  >&5
conftest.c:46:6: warning: conflicting types for built-in function 'sqrt'
 char sqrt ();
      ^
/tmp/cckuEIrO.o: In function `main':
/home/deep8/workspace/benchmark/RMG/source/rmg-release.2.2.0/lib/spglib-1.6.3/lib64/conftest.c:57: undefined reference to `sqrt'
collect2: error: ld returned 1 exit status
configure:11445: $? = 1
configure: failed program was:
| /* confdefs.h */
| #define PACKAGE_NAME "spglib"
| #define PACKAGE_TARNAME "spglib"
| #define PACKAGE_VERSION "1.6.3"
| #define PACKAGE_STRING "spglib 1.6.3"
| #define PACKAGE_BUGREPORT "atz.togo@gmail.com"
| #define PACKAGE_URL ""
| #define PACKAGE "spglib"
| #define VERSION "1.6.3"
| #define STDC_HEADERS 1
| #define HAVE_SYS_TYPES_H 1
| #define HAVE_SYS_STAT_H 1
| #define HAVE_STDLIB_H 1
| #define HAVE_STRING_H 1
| #define HAVE_MEMORY_H 1
| #define HAVE_STRINGS_H 1
| #define HAVE_INTTYPES_H 1
| #define HAVE_STDINT_H 1
| #define HAVE_UNISTD_H 1
| #define HAVE_DLFCN_H 1
| #define LT_OBJDIR ".libs/"
| /* end confdefs.h.  */
| /* Define sqrt to an innocuous variant, in case <limits.h> declares sqrt.
|    For example, HP-UX 11i <limits.h> declares gettimeofday.  */
| #define sqrt innocuous_sqrt
| 
| /* System header to define __stub macros and hopefully few prototypes,
|     which can conflict with char sqrt (); below.
|     Prefer <limits.h> to <assert.h> if __STDC__ is defined, since
|     <limits.h> exists even on freestanding compilers.  */
| 
| #ifdef __STDC__
| # include <limits.h>
| #else
| # include <assert.h>
| #endif
| 
| #undef sqrt
| 
| /* Override any GCC internal prototype to avoid an error.
|    Use char because int might match the return type of a GCC
|    builtin and then its argument prototype would still apply.  */
| #ifdef __cplusplus
| extern "C"
| #endif
| char sqrt ();
| /* The GNU C library defines this for functions which it implements
|     to always fail with ENOSYS.  Some functions are actually named
|     something starting with __ and the normal name is an alias.  */
| #if defined __stub_sqrt || defined __stub___sqrt
| choke me
| #endif
| 
| int
| main ()
| {
| return sqrt ();
|   ;
|   return 0;
| }
configure:11445: result: no
configure:11456: checking for ANSI C header files
configure:11560: result: yes
configure:11571: checking for stdlib.h
configure:11571: result: yes
configure:11571: checking for string.h
configure:11571: result: yes
configure:11571: checking math.h usability
configure:11571: /usr/bin/mpicc -c -g -O2  conftest.c >&5
configure:11571: $? = 0
configure:11571: result: yes
configure:11571: checking math.h presence
configure:11571: /usr/bin/mpicc -E  conftest.c
configure:11571: $? = 0
configure:11571: result: yes
configure:11571: checking for math.h
configure:11571: result: yes
configure:11596: checking for an ANSI C-conforming const
configure:11662: /usr/bin/mpicc -c -g -O2  conftest.c >&5
configure:11662: $? = 0
configure:11669: result: yes
configure:11681: checking for stdlib.h
configure:11681: result: yes
configure:11691: checking for GNU libc compatible malloc
configure:11715: /usr/bin/mpicc -o conftest -g -O2   conftest.c  >&5
configure:11715: $? = 0
configure:11715: ./conftest
configure:11715: $? = 0
configure:11725: result: yes
configure:11861: checking that generated files are newer than configure
configure:11867: result: done
configure:11890: creating ./config.status

## ---------------------- ##
## Running config.status. ##
## ---------------------- ##

This file was extended by spglib config.status 1.6.3, which was
generated by GNU Autoconf 2.69.  Invocation command line was

  CONFIG_FILES    = 
  CONFIG_HEADERS  = 
  CONFIG_LINKS    = 
  CONFIG_COMMANDS = 
  $ ./config.status 

on p8umbc1

config.status:1087: creating Makefile
config.status:1087: creating src/Makefile
config.status:1087: creating config.h
config.status:1301: executing depfiles commands
config.status:1301: executing libtool commands

## ---------------- ##
## Cache variables. ##
## ---------------- ##

ac_cv_build=powerpc64le-unknown-linux-gnu
ac_cv_c_compiler_gnu=yes
ac_cv_c_const=yes
ac_cv_env_CC_set=set
ac_cv_env_CC_value=/usr/bin/mpicc
ac_cv_env_CFLAGS_set=
ac_cv_env_CFLAGS_value=
ac_cv_env_CPPFLAGS_set=
ac_cv_env_CPPFLAGS_value=
ac_cv_env_CPP_set=
ac_cv_env_CPP_value=
ac_cv_env_LDFLAGS_set=
ac_cv_env_LDFLAGS_value=
ac_cv_env_LIBS_set=
ac_cv_env_LIBS_value=
ac_cv_env_build_alias_set=
ac_cv_env_build_alias_value=
ac_cv_env_host_alias_set=
ac_cv_env_host_alias_value=
ac_cv_env_target_alias_set=
ac_cv_env_target_alias_value=
ac_cv_func_malloc_0_nonnull=yes
ac_cv_func_sqrt=no
ac_cv_header_dlfcn_h=yes
ac_cv_header_inttypes_h=yes
ac_cv_header_math_h=yes
ac_cv_header_memory_h=yes
ac_cv_header_stdc=yes
ac_cv_header_stdint_h=yes
ac_cv_header_stdlib_h=yes
ac_cv_header_string_h=yes
ac_cv_header_strings_h=yes
ac_cv_header_sys_stat_h=yes
ac_cv_header_sys_types_h=yes
ac_cv_header_unistd_h=yes
ac_cv_host=powerpc64le-unknown-linux-gnu
ac_cv_objext=o
ac_cv_path_EGREP='/bin/grep -E'
ac_cv_path_FGREP='/bin/grep -F'
ac_cv_path_GREP=/bin/grep
ac_cv_path_SED=/bin/sed
ac_cv_path_install='/usr/bin/install -c'
ac_cv_path_mkdir=/bin/mkdir
ac_cv_prog_AWK=gawk
ac_cv_prog_CPP='/usr/bin/mpicc -E'
ac_cv_prog_ac_ct_AR=ar
ac_cv_prog_ac_ct_CC=/usr/bin/mpicc
ac_cv_prog_ac_ct_MANIFEST_TOOL=mt
ac_cv_prog_ac_ct_OBJDUMP=objdump
ac_cv_prog_ac_ct_RANLIB=ranlib
ac_cv_prog_ac_ct_STRIP=strip
ac_cv_prog_cc_c89=
ac_cv_prog_cc_g=yes
ac_cv_prog_make_make_set=yes
am_cv_CC_dependencies_compiler_type=gcc3
am_cv_make_support_nested_variables=yes
am_cv_prog_cc_c_o=yes
lt_cv_ar_at_file=@
lt_cv_archive_cmds_need_lc=no
lt_cv_deplibs_check_method=pass_all
lt_cv_file_magic_cmd='$MAGIC_CMD'
lt_cv_file_magic_test_file=
lt_cv_ld_reload_flag=-r
lt_cv_nm_interface='BSD nm'
lt_cv_objdir=.libs
lt_cv_path_LD=/usr/bin/ld
lt_cv_path_NM='/usr/bin/nm -B'
lt_cv_path_mainfest_tool=no
lt_cv_prog_compiler_c_o=yes
lt_cv_prog_compiler_pic='-fPIC -DPIC'
lt_cv_prog_compiler_pic_works=yes
lt_cv_prog_compiler_rtti_exceptions=no
lt_cv_prog_compiler_static_works=no
lt_cv_prog_gnu_ld=yes
lt_cv_sharedlib_from_linklib_cmd='printf %s\n'
lt_cv_shlibpath_overrides_runpath=yes
lt_cv_sys_global_symbol_pipe='sed -n -e '\''s/^.*[	 ]\([ABCDGIRSTW][ABCDGIRSTW]*\)[	 ][	 ]*\([_A-Za-z][_A-Za-z0-9]*\)$/\1 \2 \2/p'\'' | sed '\''/ __gnu_lto/d'\'''
lt_cv_sys_global_symbol_to_c_name_address='sed -n -e '\''s/^: \([^ ]*\)[ ]*$/  {\"\1\", (void *) 0},/p'\'' -e '\''s/^[ABCDGIRSTW]* \([^ ]*\) \([^ ]*\)$/  {"\2", (void *) \&\2},/p'\'''
lt_cv_sys_global_symbol_to_c_name_address_lib_prefix='sed -n -e '\''s/^: \([^ ]*\)[ ]*$/  {\"\1\", (void *) 0},/p'\'' -e '\''s/^[ABCDGIRSTW]* \([^ ]*\) \(lib[^ ]*\)$/  {"\2", (void *) \&\2},/p'\'' -e '\''s/^[ABCDGIRSTW]* \([^ ]*\) \([^ ]*\)$/  {"lib\2", (void *) \&\2},/p'\'''
lt_cv_sys_global_symbol_to_cdecl='sed -n -e '\''s/^T .* \(.*\)$/extern int \1();/p'\'' -e '\''s/^[ABCDGIRSTW]* .* \(.*\)$/extern char \1;/p'\'''
lt_cv_sys_max_cmd_len=1572864
lt_cv_to_host_file_cmd=func_convert_file_noop
lt_cv_to_tool_file_cmd=func_convert_file_noop

## ----------------- ##
## Output variables. ##
## ----------------- ##

ACLOCAL='${SHELL} /home/deep8/workspace/benchmark/RMG/source/rmg-release.2.2.0/lib/spglib-1.6.3/missing aclocal-1.14'
AMDEPBACKSLASH='\'
AMDEP_FALSE='#'
AMDEP_TRUE=''
AMTAR='$${TAR-tar}'
AM_BACKSLASH='\'
AM_DEFAULT_V='$(AM_DEFAULT_VERBOSITY)'
AM_DEFAULT_VERBOSITY='1'
AM_V='$(V)'
AR='ar'
AUTOCONF='${SHELL} /home/deep8/workspace/benchmark/RMG/source/rmg-release.2.2.0/lib/spglib-1.6.3/missing autoconf'
AUTOHEADER='${SHELL} /home/deep8/workspace/benchmark/RMG/source/rmg-release.2.2.0/lib/spglib-1.6.3/missing autoheader'
AUTOMAKE='${SHELL} /home/deep8/workspace/benchmark/RMG/source/rmg-release.2.2.0/lib/spglib-1.6.3/missing automake-1.14'
AWK='gawk'
CC='/usr/bin/mpicc'
CCDEPMODE='depmode=gcc3'
CFLAGS='-g -O2'
CPP='/usr/bin/mpicc -E'
CPPFLAGS=''
CYGPATH_W='echo'
DEFS='-DHAVE_CONFIG_H'
DEPDIR='.deps'
DLLTOOL='false'
DSYMUTIL=''
DUMPBIN=''
ECHO_C=''
ECHO_N='-n'
ECHO_T=''
EGREP='/bin/grep -E'
EXEEXT=''
FGREP='/bin/grep -F'
GREP='/bin/grep'
INSTALL_DATA='${INSTALL} -m 644'
INSTALL_PROGRAM='${INSTALL}'
INSTALL_SCRIPT='${INSTALL}'
INSTALL_STRIP_PROGRAM='$(install_sh) -c -s'
LD='/usr/bin/ld -m elf64ppc'
LDFLAGS=''
LIBOBJS=''
LIBS=''
LIBTOOL='$(SHELL) $(top_builddir)/libtool'
LIPO=''
LN_S='ln -s'
LTLIBOBJS=''
MAKEINFO='${SHELL} /home/deep8/workspace/benchmark/RMG/source/rmg-release.2.2.0/lib/spglib-1.6.3/missing makeinfo'
MANIFEST_TOOL=':'
MKDIR_P='/bin/mkdir -p'
NM='/usr/bin/nm -B'
NMEDIT=''
OBJDUMP='objdump'
OBJEXT='o'
OTOOL64=''
OTOOL=''
PACKAGE='spglib'
PACKAGE_BUGREPORT='atz.togo@gmail.com'
PACKAGE_NAME='spglib'
PACKAGE_STRING='spglib 1.6.3'
PACKAGE_TARNAME='spglib'
PACKAGE_URL=''
PACKAGE_VERSION='1.6.3'
PATH_SEPARATOR=':'
RANLIB='ranlib'
SED='/bin/sed'
SET_MAKE=''
SHELL='/bin/bash'
STRIP='strip'
VERSION='1.6.3'
ac_ct_AR='ar'
ac_ct_CC='/usr/bin/mpicc'
ac_ct_DUMPBIN=''
am__EXEEXT_FALSE=''
am__EXEEXT_TRUE='#'
am__fastdepCC_FALSE='#'
am__fastdepCC_TRUE=''
am__include='include'
am__isrc=' -I$(srcdir)'
am__leading_dot='.'
am__nodep='_no'
am__quote=''
am__tar='$${TAR-tar} chof - "$$tardir"'
am__untar='$${TAR-tar} xf -'
bindir='${exec_prefix}/bin'
build='powerpc64le-unknown-linux-gnu'
build_alias=''
build_cpu='powerpc64le'
build_os='linux-gnu'
build_vendor='unknown'
datadir='${datarootdir}'
datarootdir='${prefix}/share'
docdir='${datarootdir}/doc/${PACKAGE_TARNAME}'
dvidir='${docdir}'
exec_prefix='${prefix}'
host='powerpc64le-unknown-linux-gnu'
host_alias=''
host_cpu='powerpc64le'
host_os='linux-gnu'
host_vendor='unknown'
htmldir='${docdir}'
includedir='${prefix}/include'
infodir='${datarootdir}/info'
install_sh='${SHELL} /home/deep8/workspace/benchmark/RMG/source/rmg-release.2.2.0/lib/spglib-1.6.3/install-sh'
libdir='/home/deep8/workspace/benchmark/RMG/source/rmg-release.2.2.0/lib/spglib-1.6.3/lib64'
libexecdir='${exec_prefix}/libexec'
localedir='${datarootdir}/locale'
localstatedir='${prefix}/var'
mandir='${datarootdir}/man'
mkdir_p='$(MKDIR_P)'
oldincludedir='/usr/include'
pdfdir='${docdir}'
prefix='/home/deep8/workspace/benchmark/RMG/source/rmg-release.2.2.0/lib/spglib-1.6.3/lib64'
program_transform_name='s,x,x,'
psdir='${docdir}'
sbindir='${exec_prefix}/sbin'
sharedstatedir='${prefix}/com'
sysconfdir='${prefix}/etc'
target_alias=''

## ----------- ##
## confdefs.h. ##
## ----------- ##

/* confdefs.h */
#define PACKAGE_NAME "spglib"
#define PACKAGE_TARNAME "spglib"
#define PACKAGE_VERSION "1.6.3"
#define PACKAGE_STRING "spglib 1.6.3"
#define PACKAGE_BUGREPORT "atz.togo@gmail.com"
#define PACKAGE_URL ""
#define PACKAGE "spglib"
#define VERSION "1.6.3"
#define STDC_HEADERS 1
#define HAVE_SYS_TYPES_H 1
#define HAVE_SYS_STAT_H 1
#define HAVE_STDLIB_H 1
#define HAVE_STRING_H 1
#define HAVE_MEMORY_H 1
#define HAVE_STRINGS_H 1
#define HAVE_INTTYPES_H 1
#define HAVE_STDINT_H 1
#define HAVE_UNISTD_H 1
#define HAVE_DLFCN_H 1
#define LT_OBJDIR ".libs/"
#define STDC_HEADERS 1
#define HAVE_STDLIB_H 1
#define HAVE_STRING_H 1
#define HAVE_MATH_H 1
#define HAVE_STDLIB_H 1
#define HAVE_MALLOC 1

configure: exit 0
